>>==========================================================
>> SOURCE: 【av1083680】【杏音鳥音】Heart Chrome【八王子P】.flv
>>     FLV Extract CL v1.6.3
>>     Copyright 2006-2012 J.D. Purcell
>>     http://www.moitah.net/
>>     True Frame Rate: 29.9700059024529 (7464000/249049)
>>     Average Frame Rate: 10.1770592973509 (7467000/733709)
>>     Finished.
>> EXT: 【av1083680】【杏音鳥音】Heart Chrome【八王子P】.264
>> EXT: 【av1083680】【杏音鳥音】Heart Chrome【八王子P】.aac
AVC-H264 import - frame size 852 x 480 at 29.970 FPS
AVC Import results: 7466 samples - Slices: 119 I 3385 P 3962 B - 1 SEI - 119 IDR
Stream uses forward prediction - stream CTS offset: 2 frames
AAC import  - sample rate 24000 - MPEG-4 audio - 2 channels
Saving D:\tddownload\video\bilibili\mp4-new-new\【av1083680】【杏音鳥音】Heart Chrome【八王子P】.muxed.mp4: 0.
500 secs Interleaving
>> DEL: D:\tddownload\video\bilibili\temp\【av1083680】【杏音鳥音】Heart Chrome【八王子P】.264
>> DEL: D:\tddownload\video\bilibili\temp\【av1083680】【杏音鳥音】Heart Chrome【八王子P】.aac
>>==========================================================
>> SOURCE: 【av1169590】邪王真眼【初音ミク(kz-livetune)】Tell your world【PV／720p】Vmoe中文字幕(2).flv
>>     FLV Extract CL v1.6.3
>>     Copyright 2006-2012 J.D. Purcell
>>     http://www.moitah.net/
>>     True Frame Rate: 59.9412679219209 (347000/5789)
>>     Average Frame Rate: 8.09953672137579 (11107000/1371313)
>>     Finished.
>> EXT: 【av1169590】邪王真眼【初音ミク(kz-livetune)】Tell your world【PV／720p】Vmoe中文字幕(2).264
>> EXT: 【av1169590】邪王真眼【初音ミク(kz-livetune)】Tell your world【PV／720p】Vmoe中文字幕(2).aac
AVC-H264 import - frame size 1280 x 720 at 59.941 FPS
AVC Import results: 11106 samples - Slices: 48 I 6456 P 4602 B - 1 SEI - 46 IDR
Stream uses forward prediction - stream CTS offset: 2 frames
AAC import  - sample rate 44100 - MPEG-4 audio - 2 channels
Saving D:\tddownload\video\bilibili\mp4-new-new\【av1169590】邪王真眼【初音ミク(kz-livetune)】Tell your world
【PV／720p】Vmoe中文字幕(2).muxed.mp4: 0.500 secs Interleaving
>> DEL: D:\tddownload\video\bilibili\temp\【av1169590】邪王真眼【初音ミク(kz-livetune)】Tell your world【PV／7
20p】Vmoe中文字幕(2).264
>> DEL: D:\tddownload\video\bilibili\temp\【av1169590】邪王真眼【初音ミク(kz-livetune)】Tell your world【PV／7
20p】Vmoe中文字幕(2).aac
>>==========================================================
>> SOURCE: 【av1169590】邪王真眼【初音ミク(kz-livetune)】Tell your world【PV／720p】Vmoe中文字幕.flv
>>     FLV Extract CL v1.6.3
>>     Copyright 2006-2012 J.D. Purcell
>>     http://www.moitah.net/
>>     True Frame Rate: 59.9412679219209 (347000/5789)
>>     Average Frame Rate: 19.0228747199748 (2776750/145969)
>>     Finished.
>> EXT: 【av1169590】邪王真眼【初音ミク(kz-livetune)】Tell your world【PV／720p】Vmoe中文字幕.264
>> EXT: 【av1169590】邪王真眼【初音ミク(kz-livetune)】Tell your world【PV／720p】Vmoe中文字幕.aac
AVC-H264 import - frame size 960 x 540 at 59.941 FPS
AVC Import results: 11106 samples - Slices: 60 I 3071 P 7975 B - 1 SEI - 60 IDR
Stream uses forward prediction - stream CTS offset: 2 frames
AAC import  - sample rate 44100 - MPEG-4 audio - 2 channels
Saving D:\tddownload\video\bilibili\mp4-new-new\【av1169590】邪王真眼【初音ミク(kz-livetune)】Tell your world
【PV／720p】Vmoe中文字幕.muxed.mp4: 0.500 secs Interleaving
>> DEL: D:\tddownload\video\bilibili\temp\【av1169590】邪王真眼【初音ミク(kz-livetune)】Tell your world【PV／7
20p】Vmoe中文字幕.264
>> DEL: D:\tddownload\video\bilibili\temp\【av1169590】邪王真眼【初音ミク(kz-livetune)】Tell your world【PV／7
20p】Vmoe中文字幕.aac
>>==========================================================
>> SOURCE: 【av1244832】【柴刀向】ACUTE·一键换装.flv
>> Target exists! overwrite...
>>     FLV Extract CL v1.6.3
>>     Copyright 2006-2012 J.D. Purcell
>>     http://www.moitah.net/
>>     True Frame Rate: 59.9401855923676 (1608375/26833)
>>     Average Frame Rate: 59.9495024782917 (1608625/26833)
>>     Finished.
>> EXT: 【av1244832】【柴刀向】ACUTE·一键换装.264
>> EXT: 【av1244832】【柴刀向】ACUTE·一键换装.aac
AVC-H264 import - frame size 1280 x 720 at 59.940 FPS
AVC Import results: 12868 samples - Slices: 91 I 3762 P 9015 B - 1 SEI - 91 IDR
Stream uses forward prediction - stream CTS offset: 2 frames
AAC import  - sample rate 44100 - MPEG-4 audio - 2 channels
Saving D:\tddownload\video\bilibili\mp4-new-new\【av1244832】【柴刀向】ACUTE·一键换装.muxed.mp4: 0.500 secs I
nterleaving
>> DEL: D:\tddownload\video\bilibili\temp\【av1244832】【柴刀向】ACUTE·一键换装.264
>> DEL: D:\tddownload\video\bilibili\temp\【av1244832】【柴刀向】ACUTE·一键换装.aac
>>==========================================================
>> SOURCE: 【av1245684】Heart Chrome【Mayuki翻唱】.flv
>> Target exists! overwrite...
>>     FLV Extract CL v1.6.3
>>     Copyright 2006-2012 J.D. Purcell
>>     http://www.moitah.net/
>>     True Frame Rate: 29.9700821235669 (1492600/49803)
>>     Average Frame Rate: 29.9753451280527 (3732500/124519)
>>     Finished.
>> EXT: 【av1245684】Heart Chrome【Mayuki翻唱】.264
>> EXT: 【av1245684】Heart Chrome【Mayuki翻唱】.aac
AVC-H264 import - frame size 852 x 480 at 29.970 FPS
AVC Import results: 7464 samples - Slices: 187 I 5857 P 1420 B - 1 SEI - 129 IDR
AAC import  - sample rate 44100 - MPEG-4 audio - 2 channels
Saving D:\tddownload\video\bilibili\mp4-new-new\【av1245684】Heart Chrome【Mayuki翻唱】.muxed.mp4: 0.500 secs
Interleaving
>> DEL: D:\tddownload\video\bilibili\temp\【av1245684】Heart Chrome【Mayuki翻唱】.264
>> DEL: D:\tddownload\video\bilibili\temp\【av1245684】Heart Chrome【Mayuki翻唱】.aac
>>>==========================================================
>> SOURCE: 【av1083680】【杏音鳥音】Heart Chrome【八王子P】.flv
>>     FLV Extract CL v1.6.3
>>     Copyright 2006-2012 J.D. Purcell
>>     http://www.moitah.net/
>>     True Frame Rate: 29.9700059024529 (7464000/249049)
>>     Average Frame Rate: 10.1770592973509 (7467000/733709)
>>     Finished.
>> EXT: 【av1083680】【杏音鳥音】Heart Chrome【八王子P】.264
>> EXT: 【av1083680】【杏音鳥音】Heart Chrome【八王子P】.aac
AVC-H264 import - frame size 852 x 480 at 29.970 FPS
AVC Import results: 7466 samples - Slices: 119 I 3385 P 3962 B - 1 SEI - 119 IDR
Stream uses forward prediction - stream CTS offset: 2 frames
AAC import  - sample rate 24000 - MPEG-4 audio - 2 channels
Saving D:\tddownload\video\bilibili\mp4-new-new\shit.【av1083680】【杏音鳥音】Heart Chrome【八王子P】.fucked.m
p4: 0.500 secs Interleaving
>> DEL: D:\tddownload\video\bilibili\temp\【av1083680】【杏音鳥音】Heart Chrome【八王子P】.264
>> DEL: D:\tddownload\video\bilibili\temp\【av1083680】【杏音鳥音】Heart Chrome【八王子P】.aac
>>==========================================================
>> SOURCE: 【av1169590】邪王真眼【初音ミク(kz-livetune)】Tell your world【PV／720p】Vmoe中文字幕(2).flv
>>     FLV Extract CL v1.6.3
>>     Copyright 2006-2012 J.D. Purcell
>>     http://www.moitah.net/
>>     True Frame Rate: 59.9412679219209 (347000/5789)
>>     Average Frame Rate: 8.09953672137579 (11107000/1371313)
>>     Finished.
>> EXT: 【av1169590】邪王真眼【初音ミク(kz-livetune)】Tell your world【PV／720p】Vmoe中文字幕(2).264
>> EXT: 【av1169590】邪王真眼【初音ミク(kz-livetune)】Tell your world【PV／720p】Vmoe中文字幕(2).aac
AVC-H264 import - frame size 1280 x 720 at 59.941 FPS
AVC Import results: 11106 samples - Slices: 48 I 6456 P 4602 B - 1 SEI - 46 IDR
Stream uses forward prediction - stream CTS offset: 2 frames
AAC import  - sample rate 44100 - MPEG-4 audio - 2 channels
Saving D:\tddownload\video\bilibili\mp4-new-new\shit.【av1169590】邪王真眼【初音ミク(kz-livetune)】Tell your w
orld【PV／720p】Vmoe中文字幕(2).fucked.mp4: 0.500 secs Interleaving
>> DEL: D:\tddownload\video\bilibili\temp\【av1169590】邪王真眼【初音ミク(kz-livetune)】Tell your world【PV／7
20p】Vmoe中文字幕(2).264
>> DEL: D:\tddownload\video\bilibili\temp\【av1169590】邪王真眼【初音ミク(kz-livetune)】Tell your world【PV／7
20p】Vmoe中文字幕(2).aac
>>==========================================================
>> SOURCE: 【av1169590】邪王真眼【初音ミク(kz-livetune)】Tell your world【PV／720p】Vmoe中文字幕.flv
>>     FLV Extract CL v1.6.3
>>     Copyright 2006-2012 J.D. Purcell
>>     http://www.moitah.net/
>>     True Frame Rate: 59.9412679219209 (347000/5789)
>>     Average Frame Rate: 19.0228747199748 (2776750/145969)
>>     Finished.
>> EXT: 【av1169590】邪王真眼【初音ミク(kz-livetune)】Tell your world【PV／720p】Vmoe中文字幕.264
>> EXT: 【av1169590】邪王真眼【初音ミク(kz-livetune)】Tell your world【PV／720p】Vmoe中文字幕.aac
AVC-H264 import - frame size 960 x 540 at 59.941 FPS
AVC Import results: 11106 samples - Slices: 60 I 3071 P 7975 B - 1 SEI - 60 IDR
Stream uses forward prediction - stream CTS offset: 2 frames
AAC import  - sample rate 44100 - MPEG-4 audio - 2 channels
Saving D:\tddownload\video\bilibili\mp4-new-new\shit.【av1169590】邪王真眼【初音ミク(kz-livetune)】Tell your w
orld【PV／720p】Vmoe中文字幕.fucked.mp4: 0.500 secs Interleaving
>> DEL: D:\tddownload\video\bilibili\temp\【av1169590】邪王真眼【初音ミク(kz-livetune)】Tell your world【PV／7
20p】Vmoe中文字幕.264
>> DEL: D:\tddownload\video\bilibili\temp\【av1169590】邪王真眼【初音ミク(kz-livetune)】Tell your world【PV／7
20p】Vmoe中文字幕.aac
>>==========================================================
>> SOURCE: 【av1244832】【柴刀向】ACUTE·一键换装.flv
>>     FLV Extract CL v1.6.3
>>     Copyright 2006-2012 J.D. Purcell
>>     http://www.moitah.net/
>>     True Frame Rate: 59.9401855923676 (1608375/26833)
>>     Average Frame Rate: 59.9495024782917 (1608625/26833)
>>     Finished.
>> EXT: 【av1244832】【柴刀向】ACUTE·一键换装.264
>> EXT: 【av1244832】【柴刀向】ACUTE·一键换装.aac
AVC-H264 import - frame size 1280 x 720 at 59.940 FPS
AVC Import results: 12868 samples - Slices: 91 I 3762 P 9015 B - 1 SEI - 91 IDR
Stream uses forward prediction - stream CTS offset: 2 frames
AAC import  - sample rate 44100 - MPEG-4 audio - 2 channels
Saving D:\tddownload\video\bilibili\mp4-new-new\shit.【av1244832】【柴刀向】ACUTE·一键换装.fucked.mp4: 0.500
secs Interleaving
>> DEL: D:\tddownload\video\bilibili\temp\【av1244832】【柴刀向】ACUTE·一键换装.264
>> DEL: D:\tddownload\video\bilibili\temp\【av1244832】【柴刀向】ACUTE·一键换装.aac
>>==========================================================
>> SOURCE: 【av1245684】Heart Chrome【Mayuki翻唱】.flv
>>     FLV Extract CL v1.6.3
>>     Copyright 2006-2012 J.D. Purcell
>>     http://www.moitah.net/
>>     True Frame Rate: 29.9700821235669 (1492600/49803)
>>     Average Frame Rate: 29.9753451280527 (3732500/124519)
>>     Finished.
>> EXT: 【av1245684】Heart Chrome【Mayuki翻唱】.264
>> EXT: 【av1245684】Heart Chrome【Mayuki翻唱】.aac
AVC-H264 import - frame size 852 x 480 at 29.970 FPS
AVC Import results: 7464 samples - Slices: 187 I 5857 P 1420 B - 1 SEI - 129 IDR
AAC import  - sample rate 44100 - MPEG-4 audio - 2 channels
Saving D:\tddownload\video\bilibili\mp4-new-new\shit.【av1245684】Heart Chrome【Mayuki翻唱】.fucked.mp4: 0.500
 secs Interleaving
>> DEL: D:\tddownload\video\bilibili\temp\【av1245684】Heart Chrome【Mayuki翻唱】.264
>> DEL: D:\tddownload\video\bilibili\temp\【av1245684】Heart Chrome【Mayuki翻唱】.aac
>>==========================================================
>> SOURCE: 【av1083680】【杏音鳥音】Heart Chrome【八王子P】.flv
>>     FLV Extract CL v1.6.3
>>     Copyright 2006-2012 J.D. Purcell
>>     http://www.moitah.net/
>>     True Frame Rate: 29.9700059024529 (7464000/249049)
>>     Average Frame Rate: 10.1770592973509 (7467000/733709)
>>     Finished.
>> EXT: 【av1083680】【杏音鳥音】Heart Chrome【八王子P】.264
>> EXT: 【av1083680】【杏音鳥音】Heart Chrome【八王子P】.aac
AVC-H264 import - frame size 852 x 480 at 29.970 FPS
AVC Import results: 7466 samples - Slices: 119 I 3385 P 3962 B - 1 SEI - 119 IDR
Stream uses forward prediction - stream CTS offset: 2 frames
AAC import  - sample rate 24000 - MPEG-4 audio - 2 channels
Saving D:\tddownload\video\bilibili\mp4-new-new\【av1083680】【杏音鳥音】Heart Chrome【八王子P】.muxed.mp4: 0.
500 secs Interleaving
>> DEL: D:\tddownload\video\bilibili\temp\【av1083680】【杏音鳥音】Heart Chrome【八王子P】.264
>> DEL: D:\tddownload\video\bilibili\temp\【av1083680】【杏音鳥音】Heart Chrome【八王子P】.aac
>>==========================================================
>> SOURCE: 【av1169590】邪王真眼【初音ミク(kz-livetune)】Tell your world【PV／720p】Vmoe中文字幕(2).flv
>>     FLV Extract CL v1.6.3
>>     Copyright 2006-2012 J.D. Purcell
>>     http://www.moitah.net/
>>     True Frame Rate: 59.9412679219209 (347000/5789)
>>     Average Frame Rate: 8.09953672137579 (11107000/1371313)
>>     Finished.
>> EXT: 【av1169590】邪王真眼【初音ミク(kz-livetune)】Tell your world【PV／720p】Vmoe中文字幕(2).264
>> EXT: 【av1169590】邪王真眼【初音ミク(kz-livetune)】Tell your world【PV／720p】Vmoe中文字幕(2).aac
AVC-H264 import - frame size 1280 x 720 at 59.941 FPS
AVC Import results: 11106 samples - Slices: 48 I 6456 P 4602 B - 1 SEI - 46 IDR
Stream uses forward prediction - stream CTS offset: 2 frames
AAC import  - sample rate 44100 - MPEG-4 audio - 2 channels
Saving D:\tddownload\video\bilibili\mp4-new-new\【av1169590】邪王真眼【初音ミク(kz-livetune)】Tell your world
【PV／720p】Vmoe中文字幕(2).muxed.mp4: 0.500 secs Interleaving
>> DEL: D:\tddownload\video\bilibili\temp\【av1169590】邪王真眼【初音ミク(kz-livetune)】Tell your world【PV／7
20p】Vmoe中文字幕(2).264
>> DEL: D:\tddownload\video\bilibili\temp\【av1169590】邪王真眼【初音ミク(kz-livetune)】Tell your world【PV／7
20p】Vmoe中文字幕(2).aac
>>==========================================================
>> SOURCE: 【av1169590】邪王真眼【初音ミク(kz-livetune)】Tell your world【PV／720p】Vmoe中文字幕.flv
>>     FLV Extract CL v1.6.3
>>     Copyright 2006-2012 J.D. Purcell
>>     http://www.moitah.net/
>>     True Frame Rate: 59.9412679219209 (347000/5789)
>>     Average Frame Rate: 19.0228747199748 (2776750/145969)
>>     Finished.
>> EXT: 【av1169590】邪王真眼【初音ミク(kz-livetune)】Tell your world【PV／720p】Vmoe中文字幕.264
>> EXT: 【av1169590】邪王真眼【初音ミク(kz-livetune)】Tell your world【PV／720p】Vmoe中文字幕.aac
AVC-H264 import - frame size 960 x 540 at 59.941 FPS
AVC Import results: 11106 samples - Slices: 60 I 3071 P 7975 B - 1 SEI - 60 IDR
Stream uses forward prediction - stream CTS offset: 2 frames
AAC import  - sample rate 44100 - MPEG-4 audio - 2 channels
Saving D:\tddownload\video\bilibili\mp4-new-new\【av1169590】邪王真眼【初音ミク(kz-livetune)】Tell your world
【PV／720p】Vmoe中文字幕.muxed.mp4: 0.500 secs Interleaving
>> DEL: D:\tddownload\video\bilibili\temp\【av1169590】邪王真眼【初音ミク(kz-livetune)】Tell your world【PV／7
20p】Vmoe中文字幕.264
>> DEL: D:\tddownload\video\bilibili\temp\【av1169590】邪王真眼【初音ミク(kz-livetune)】Tell your world【PV／7
20p】Vmoe中文字幕.aac
>>==========================================================
>> SOURCE: 【av1244832】【柴刀向】ACUTE·一键换装.flv
>>     FLV Extract CL v1.6.3
>>     Copyright 2006-2012 J.D. Purcell
>>     http://www.moitah.net/
>>     True Frame Rate: 59.9401855923676 (1608375/26833)
>>     Average Frame Rate: 59.9495024782917 (1608625/26833)
>>     Finished.
>> EXT: 【av1244832】【柴刀向】ACUTE·一键换装.264
>> EXT: 【av1244832】【柴刀向】ACUTE·一键换装.aac
AVC-H264 import - frame size 1280 x 720 at 59.940 FPS
AVC Import results: 12868 samples - Slices: 91 I 3762 P 9015 B - 1 SEI - 91 IDR
Stream uses forward prediction - stream CTS offset: 2 frames
AAC import  - sample rate 44100 - MPEG-4 audio - 2 channels
Saving D:\tddownload\video\bilibili\mp4-new-new\【av1244832】【柴刀向】ACUTE·一键换装.muxed.mp4: 0.500 secs I
nterleaving
>> DEL: D:\tddownload\video\bilibili\temp\【av1244832】【柴刀向】ACUTE·一键换装.264
>> DEL: D:\tddownload\video\bilibili\temp\【av1244832】【柴刀向】ACUTE·一键换装.aac
>>==========================================================
>> SOURCE: 【av1245684】Heart Chrome【Mayuki翻唱】.flv
>>     FLV Extract CL v1.6.3
>>     Copyright 2006-2012 J.D. Purcell
>>     http://www.moitah.net/
>>     True Frame Rate: 29.9700821235669 (1492600/49803)
>>     Average Frame Rate: 29.9753451280527 (3732500/124519)
>>     Finished.
>> EXT: 【av1245684】Heart Chrome【Mayuki翻唱】.264
>> EXT: 【av1245684】Heart Chrome【Mayuki翻唱】.aac
AVC-H264 import - frame size 852 x 480 at 29.970 FPS
AVC Import results: 7464 samples - Slices: 187 I 5857 P 1420 B - 1 SEI - 129 IDR
AAC import  - sample rate 44100 - MPEG-4 audio - 2 channels
Saving D:\tddownload\video\bilibili\mp4-new-new\【av1245684】Heart Chrome【Mayuki翻唱】.muxed.mp4: 0.500 secs
Interleaving
>> DEL: D:\tddownload\video\bilibili\temp\【av1245684】Heart Chrome【Mayuki翻唱】.264
>> DEL: D:\tddownload\video\bilibili\temp\【av1245684】Heart Chrome【Mayuki翻唱】.aac
>>====================================================================================================================>==========================================================
